Traceback (most recent call last):
  File "C:\JupyterLab\resources\jlab_server\envs\base2exp\lib\site-packages\jupyter_cache\executors\utils.py", line 51, in single_nb_execution
    executenb(
  File "C:\JupyterLab\resources\jlab_server\envs\base2exp\lib\site-packages\nbclient\client.py", line 1093, in execute
    return NotebookClient(nb=nb, resources=resources, km=km, **kwargs).execute()
  File "C:\JupyterLab\resources\jlab_server\envs\base2exp\lib\site-packages\nbclient\util.py", line 84, in wrapped
    return just_run(coro(*args, **kwargs))
  File "C:\JupyterLab\resources\jlab_server\envs\base2exp\lib\site-packages\nbclient\util.py", line 62, in just_run
    return loop.run_until_complete(coro)
  File "C:\JupyterLab\resources\jlab_server\envs\base2exp\lib\asyncio\base_events.py", line 616, in run_until_complete
    return future.result()
  File "C:\JupyterLab\resources\jlab_server\envs\base2exp\lib\site-packages\nbclient\client.py", line 559, in async_execute
    await self.async_execute_cell(
  File "C:\JupyterLab\resources\jlab_server\envs\base2exp\lib\site-packages\nbclient\client.py", line 854, in async_execute_cell
    self._check_raise_for_error(cell, exec_reply)
  File "C:\JupyterLab\resources\jlab_server\envs\base2exp\lib\site-packages\nbclient\client.py", line 756, in _check_raise_for_error
    raise CellExecutionError.from_cell_and_msg(cell, exec_reply_content)
nbclient.exceptions.CellExecutionError: An error occurred while executing the following cell:
------------------
# Option 1, wenn Sie Google Colab nutzen
from google.colab import files

uploaded = files.upload()

for filename in uploaded.keys():
    print('User uploaded file "{name}" with length {length} bytes'.format(name=filename, length=len(uploaded[filename])))
------------------

[1;31m---------------------------------------------------------------------------[0m
[1;31mModuleNotFoundError[0m                       Traceback (most recent call last)
[1;32m~\AppData\Local\Temp/ipykernel_2696/2476318168.py[0m in [0;36m<module>[1;34m[0m
[0;32m      1[0m [1;31m# Option 1, wenn Sie Google Colab nutzen[0m[1;33m[0m[1;33m[0m[1;33m[0m[0m
[1;32m----> 2[1;33m [1;32mfrom[0m [0mgoogle[0m[1;33m.[0m[0mcolab[0m [1;32mimport[0m [0mfiles[0m[1;33m[0m[1;33m[0m[0m
[0m[0;32m      3[0m [1;33m[0m[0m
[0;32m      4[0m [0muploaded[0m [1;33m=[0m [0mfiles[0m[1;33m.[0m[0mupload[0m[1;33m([0m[1;33m)[0m[1;33m[0m[1;33m[0m[0m
[0;32m      5[0m [1;33m[0m[0m

[1;31mModuleNotFoundError[0m: No module named 'google'
ModuleNotFoundError: No module named 'google'

